<?xml version="1.0" encoding="UTF-8"?>
<!-- Generated by org.testng.reporters.JUnitReportReporter -->
<testsuite skipped="0" hostname="LokeshBS" name="parallelexecution.Parallel_test2" tests="2" failures="0" timestamp="2020-07-07T22:40:58 IST" time="23.739" errors="0">
  <testcase name="yahooTest" time="12.051" classname="parallelexecution.Parallel_test2"/>
  <system-out/>
  <testcase name="rediffTest" time="11.688" classname="parallelexecution.Parallel_test2"/>
  <system-out/>
</testsuite> <!-- parallelexecution.Parallel_test2 -->
