<?xml version="1.0" encoding="UTF-8"?>
<!-- Generated by org.testng.reporters.JUnitReportReporter -->
<testsuite skipped="0" hostname="LokeshBS" name="BatchExecution.SignUptests" tests="3" failures="0" timestamp="2020-07-07T18:40:49 IST" time="0.009" errors="0">
  <testcase name="signUpByfacebook" time="0.003" classname="BatchExecution.SignUptests"/>
  <system-out/>
  <testcase name="signUpByTwitter" time="0.003" classname="BatchExecution.SignUptests"/>
  <system-out/>
  <testcase name="signUpByEmail" time="0.003" classname="BatchExecution.SignUptests"/>
  <system-out/>
</testsuite> <!-- BatchExecution.SignUptests -->
