<?xml version="1.0" encoding="UTF-8"?>
<!-- Generated by org.testng.reporters.JUnitReportReporter -->
<testsuite skipped="0" hostname="LokeshBS" name="BatchExecution.paymentsTests" tests="2" failures="0" timestamp="2020-07-07T18:40:49 IST" time="0.006" errors="0">
  <testcase name="paymentInDollors" time="0.003" classname="BatchExecution.paymentsTests"/>
  <system-out/>
  <testcase name="paymentInrupees" time="0.003" classname="BatchExecution.paymentsTests"/>
  <system-out/>
</testsuite> <!-- BatchExecution.paymentsTests -->
