<?xml version="1.0" encoding="UTF-8"?>
<!-- Generated by org.testng.reporters.JUnitReportReporter -->
<testsuite skipped="0" hostname="LokeshBS" name="parallelexecution.Parallel_test1" tests="1" failures="0" timestamp="2020-07-07T22:45:05 IST" time="6.543" errors="0">
  <testcase name="googleTest" time="6.543" classname="parallelexecution.Parallel_test1"/>
  <system-out/>
</testsuite> <!-- parallelexecution.Parallel_test1 -->
