<?xml version="1.0" encoding="UTF-8"?>
<!-- Generated by org.testng.reporters.JUnitReportReporter -->
<testsuite skipped="0" hostname="LokeshBS" name="BatchExecution.LoginTests" tests="1" failures="0" timestamp="2020-07-07T22:45:44 IST" time="0.019" errors="0">
  <testcase name="loginByFacebook" time="0.019" classname="BatchExecution.LoginTests"/>
  <system-out/>
</testsuite> <!-- BatchExecution.LoginTests -->
