<?xml version="1.0" encoding="UTF-8"?>
<!-- Generated by org.testng.reporters.JUnitReportReporter -->
<testsuite skipped="0" hostname="LokeshBS" name="BatchExecution.PaymentReturnTests" tests="1" failures="0" timestamp="2020-07-07T18:40:49 IST" time="0.003" errors="0">
  <testcase name="paymentReturnByBank" time="0.003" classname="BatchExecution.PaymentReturnTests"/>
  <system-out/>
</testsuite> <!-- BatchExecution.PaymentReturnTests -->
